{"/Users/KhrebtovD/Desktop/frontend-project-lvl2/src/gendiff.js": {"path":"/Users/KhrebtovD/Desktop/frontend-project-lvl2/src/gendiff.js","statementMap":{"0":{"start":{"line":3,"column":17},"end":{"line":13,"column":1}},"1":{"start":{"line":4,"column":15},"end":{"line":4,"column":22}},"2":{"start":{"line":5,"column":15},"end":{"line":5,"column":22}},"3":{"start":{"line":6,"column":2},"end":{"line":8,"column":3}},"4":{"start":{"line":7,"column":4},"end":{"line":7,"column":13}},"5":{"start":{"line":9,"column":2},"end":{"line":11,"column":3}},"6":{"start":{"line":10,"column":4},"end":{"line":10,"column":14}},"7":{"start":{"line":12,"column":2},"end":{"line":12,"column":11}},"8":{"start":{"line":14,"column":26},"end":{"line":30,"column":1}},"9":{"start":{"line":15,"column":17},"end":{"line":15,"column":57}},"10":{"start":{"line":15,"column":27},"end":{"line":15,"column":57}},"11":{"start":{"line":16,"column":15},"end":{"line":28,"column":3}},"12":{"start":{"line":17,"column":4},"end":{"line":19,"column":5}},"13":{"start":{"line":18,"column":6},"end":{"line":18,"column":17}},"14":{"start":{"line":20,"column":28},"end":{"line":20,"column":31}},"15":{"start":{"line":21,"column":4},"end":{"line":23,"column":5}},"16":{"start":{"line":22,"column":6},"end":{"line":22,"column":29}},"17":{"start":{"line":24,"column":19},"end":{"line":24,"column":22}},"18":{"start":{"line":25,"column":20},"end":{"line":25,"column":80}},"19":{"start":{"line":26,"column":17},"end":{"line":26,"column":68}},"20":{"start":{"line":27,"column":4},"end":{"line":27,"column":41}},"21":{"start":{"line":29,"column":2},"end":{"line":29,"column":25}},"22":{"start":{"line":31,"column":16},"end":{"line":44,"column":1}},"23":{"start":{"line":32,"column":18},"end":{"line":32,"column":67}},"24":{"start":{"line":32,"column":26},"end":{"line":32,"column":67}},"25":{"start":{"line":33,"column":21},"end":{"line":33,"column":90}},"26":{"start":{"line":33,"column":39},"end":{"line":33,"column":90}},"27":{"start":{"line":33,"column":72},"end":{"line":33,"column":89}},"28":{"start":{"line":34,"column":16},"end":{"line":34,"column":53}},"29":{"start":{"line":35,"column":16},"end":{"line":35,"column":53}},"30":{"start":{"line":36,"column":20},"end":{"line":36,"column":40}},"31":{"start":{"line":37,"column":28},"end":{"line":37,"column":71}},"32":{"start":{"line":38,"column":15},"end":{"line":40,"column":39}},"33":{"start":{"line":39,"column":14},"end":{"line":39,"column":38}},"34":{"start":{"line":40,"column":14},"end":{"line":40,"column":25}},"35":{"start":{"line":41,"column":17},"end":{"line":41,"column":34}},"36":{"start":{"line":42,"column":2},"end":{"line":42,"column":22}},"37":{"start":{"line":43,"column":2},"end":{"line":43,"column":16}}},"fnMap":{"0":{"name":"(anonymous_0)","decl":{"start":{"line":3,"column":17},"end":{"line":3,"column":18}},"loc":{"start":{"line":3,"column":27},"end":{"line":13,"column":1}},"line":3},"1":{"name":"(anonymous_1)","decl":{"start":{"line":14,"column":26},"end":{"line":14,"column":27}},"loc":{"start":{"line":14,"column":37},"end":{"line":30,"column":1}},"line":14},"2":{"name":"(anonymous_2)","decl":{"start":{"line":15,"column":17},"end":{"line":15,"column":18}},"loc":{"start":{"line":15,"column":27},"end":{"line":15,"column":57}},"line":15},"3":{"name":"(anonymous_3)","decl":{"start":{"line":16,"column":15},"end":{"line":16,"column":16}},"loc":{"start":{"line":16,"column":29},"end":{"line":28,"column":3}},"line":16},"4":{"name":"(anonymous_4)","decl":{"start":{"line":31,"column":16},"end":{"line":31,"column":17}},"loc":{"start":{"line":31,"column":46},"end":{"line":44,"column":1}},"line":31},"5":{"name":"(anonymous_5)","decl":{"start":{"line":32,"column":18},"end":{"line":32,"column":19}},"loc":{"start":{"line":32,"column":26},"end":{"line":32,"column":67}},"line":32},"6":{"name":"(anonymous_6)","decl":{"start":{"line":33,"column":21},"end":{"line":33,"column":22}},"loc":{"start":{"line":33,"column":39},"end":{"line":33,"column":90}},"line":33},"7":{"name":"(anonymous_7)","decl":{"start":{"line":33,"column":64},"end":{"line":33,"column":65}},"loc":{"start":{"line":33,"column":72},"end":{"line":33,"column":89}},"line":33},"8":{"name":"(anonymous_8)","decl":{"start":{"line":39,"column":9},"end":{"line":39,"column":10}},"loc":{"start":{"line":39,"column":14},"end":{"line":39,"column":38}},"line":39},"9":{"name":"(anonymous_9)","decl":{"start":{"line":40,"column":9},"end":{"line":40,"column":10}},"loc":{"start":{"line":40,"column":14},"end":{"line":40,"column":25}},"line":40}},"branchMap":{"0":{"loc":{"start":{"line":6,"column":2},"end":{"line":8,"column":3}},"type":"if","locations":[{"start":{"line":6,"column":2},"end":{"line":8,"column":3}},{"start":{"line":6,"column":2},"end":{"line":8,"column":3}}],"line":6},"1":{"loc":{"start":{"line":9,"column":2},"end":{"line":11,"column":3}},"type":"if","locations":[{"start":{"line":9,"column":2},"end":{"line":11,"column":3}},{"start":{"line":9,"column":2},"end":{"line":11,"column":3}}],"line":9},"2":{"loc":{"start":{"line":15,"column":27},"end":{"line":15,"column":57}},"type":"binary-expr","locations":[{"start":{"line":15,"column":27},"end":{"line":15,"column":40}},{"start":{"line":15,"column":44},"end":{"line":15,"column":57}}],"line":15},"3":{"loc":{"start":{"line":17,"column":4},"end":{"line":19,"column":5}},"type":"if","locations":[{"start":{"line":17,"column":4},"end":{"line":19,"column":5}},{"start":{"line":17,"column":4},"end":{"line":19,"column":5}}],"line":17},"4":{"loc":{"start":{"line":21,"column":4},"end":{"line":23,"column":5}},"type":"if","locations":[{"start":{"line":21,"column":4},"end":{"line":23,"column":5}},{"start":{"line":21,"column":4},"end":{"line":23,"column":5}}],"line":21},"5":{"loc":{"start":{"line":25,"column":20},"end":{"line":25,"column":80}},"type":"cond-expr","locations":[{"start":{"line":25,"column":44},"end":{"line":25,"column":72}},{"start":{"line":25,"column":75},"end":{"line":25,"column":80}}],"line":25},"6":{"loc":{"start":{"line":26,"column":17},"end":{"line":26,"column":68}},"type":"cond-expr","locations":[{"start":{"line":26,"column":41},"end":{"line":26,"column":53}},{"start":{"line":26,"column":56},"end":{"line":26,"column":68}}],"line":26}},"s":{"0":1,"1":13,"2":13,"3":13,"4":5,"5":8,"6":6,"7":2,"8":1,"9":1,"10":10,"11":1,"12":6,"13":0,"14":6,"15":6,"16":1,"17":5,"18":5,"19":5,"20":5,"21":1,"22":1,"23":1,"24":2,"25":1,"26":2,"27":7,"28":1,"29":1,"30":1,"31":1,"32":1,"33":6,"34":6,"35":1,"36":1,"37":1},"f":{"0":13,"1":1,"2":10,"3":6,"4":1,"5":2,"6":2,"7":7,"8":6,"9":6},"b":{"0":[5,8],"1":[6,2],"2":[10,4],"3":[0,6],"4":[1,5],"5":[1,4],"6":[1,4]},"_coverageSchema":"43e27e138ebf9cfc5966b082cf9a028302ed4184","hash":"2cb2e8b7770d33e6182cc8f636f1af594a39783f"}
}
