TN:
SF:/Users/KhrebtovD/Desktop/frontend-project-lvl2/src/gendiff.js
FN:3,(anonymous_0)
FN:14,(anonymous_1)
FN:15,(anonymous_2)
FN:16,(anonymous_3)
FN:31,(anonymous_4)
FN:32,(anonymous_5)
FN:33,(anonymous_6)
FN:33,(anonymous_7)
FN:39,(anonymous_8)
FN:40,(anonymous_9)
FNF:10
FNH:10
FNDA:13,(anonymous_0)
FNDA:1,(anonymous_1)
FNDA:10,(anonymous_2)
FNDA:6,(anonymous_3)
FNDA:1,(anonymous_4)
FNDA:2,(anonymous_5)
FNDA:2,(anonymous_6)
FNDA:7,(anonymous_7)
FNDA:6,(anonymous_8)
FNDA:6,(anonymous_9)
DA:3,1
DA:4,13
DA:5,13
DA:6,13
DA:7,5
DA:9,8
DA:10,6
DA:12,2
DA:14,1
DA:15,10
DA:16,1
DA:17,6
DA:18,0
DA:20,6
DA:21,6
DA:22,1
DA:24,5
DA:25,5
DA:26,5
DA:27,5
DA:29,1
DA:31,1
DA:32,2
DA:33,7
DA:34,1
DA:35,1
DA:36,1
DA:37,1
DA:38,1
DA:39,6
DA:40,6
DA:41,1
DA:42,1
DA:43,1
LF:34
LH:33
BRDA:6,0,0,5
BRDA:6,0,1,8
BRDA:9,1,0,6
BRDA:9,1,1,2
BRDA:15,2,0,10
BRDA:15,2,1,4
BRDA:17,3,0,0
BRDA:17,3,1,6
BRDA:21,4,0,1
BRDA:21,4,1,5
BRDA:25,5,0,1
BRDA:25,5,1,4
BRDA:26,6,0,1
BRDA:26,6,1,4
BRF:14
BRH:13
end_of_record
